0 verbose cli C:\laragon\bin\nodejs\node-v21.7.3-win-x64\node.exe C:\laragon\bin\nodejs\node-v21.7.3-win-x64\node_modules\npm\bin\npm-cli.js
1 info using npm@10.5.0
2 info using node@v21.7.3
3 timing npm:load:whichnode Completed in 2ms
4 timing config:load:defaults Completed in 3ms
5 timing config:load:file:C:\laragon\bin\nodejs\node-v21.7.3-win-x64\node_modules\npm\npmrc Completed in 4ms
6 timing config:load:builtin Completed in 4ms
7 timing config:load:cli Completed in 3ms
8 timing config:load:env Completed in 0ms
9 timing config:load:file:D:\Developer\1. Project\hosting\H1\my-vue-app\.npmrc Completed in 0ms
10 timing config:load:project Completed in 2ms
11 timing config:load:file:C:\Users\Vinea\.npmrc Completed in 2ms
12 timing config:load:user Completed in 2ms
13 timing config:load:file:C:\laragon\bin\nodejs\node-v21.7.3-win-x64\etc\npmrc Completed in 0ms
14 timing config:load:global Completed in 0ms
15 timing config:load:setEnvs Completed in 1ms
16 timing config:load Completed in 15ms
17 timing npm:load:configload Completed in 16ms
18 timing config:load:flatten Completed in 1ms
19 timing npm:load:mkdirpcache Completed in 0ms
20 timing npm:load:mkdirplogs Completed in 0ms
21 verbose title npm run serve
22 verbose argv "run" "serve"
23 timing npm:load:setTitle Completed in 1ms
24 timing npm:load:display Completed in 0ms
25 verbose logfile logs-max:10 dir:D:\Developer\1. Project\hosting\H1\my-vue-app\clean\_logs\2025-01-28T00_47_10_287Z-
26 verbose logfile D:\Developer\1. Project\hosting\H1\my-vue-app\clean\_logs\2025-01-28T00_47_10_287Z-debug-0.log
27 timing npm:load:logFile Completed in 83ms
28 timing npm:load:timers Completed in 0ms
29 timing npm:load:configScope Completed in 0ms
30 timing npm:load Completed in 126ms
31 silly logfile done cleaning log files
